<?xml version="1.0" encoding="UTF-8"?>
<!-- Generated by org.testng.reporters.JUnitReportReporter -->
<testsuite hostname="DESKTOP-6VJTSHH" failures="0" tests="6" name="ProjectAssignment.Assignment" time="27.249" errors="0" timestamp="2024-05-16T20:01:19 IST" skipped="0">
  <testcase classname="ProjectAssignment.Assignment" name="loginTestWithInValidUserName" time="6.010"/>
  <testcase classname="ProjectAssignment.Assignment" name="loginTestWithInValidPassword" time="4.864"/>
  <testcase classname="ProjectAssignment.Assignment" name="EmptyUsernameEmptyPassword" time="3.186"/>
  <testcase classname="ProjectAssignment.Assignment" name="CaseSensitiveData" time="1.905"/>
  <testcase classname="ProjectAssignment.Assignment" name="loginTestWithValidCredential" time="10.443"/>
  <testcase classname="ProjectAssignment.Assignment" name="forgotPassword" time="0.841"/>
</testsuite> <!-- ProjectAssignment.Assignment -->
